[Licensing::Module] Trying to connect to existing licensing client channel...
Built from '6000.4/staging' branch; Version is '6000.4.1f1 (336a400b9ea2) revision 3369536'; Using compiler version '194234433'; Build Type 'Release'
[Licensing::IpcConnector] Successfully connected to: "LicenseClient-mell1" at "2026-07-12T18:20:45.2809115Z"
OS: 'Windows 11  (10.0.26200) CoreSingleLanguage' Language: 'es' Physical Memory: 32189 MB
BatchMode: 1, IsHumanControllingUs: 0, StartBugReporterOnCrash: 0, Is64bit: 1
System  architecture: x64
Process architecture: x64
Date: 2026-07-12T18:20:45Z

COMMAND LINE ARGUMENTS:
C:\Program Files\Unity\Hub\Editor\6000.4.1f1\Editor\Unity.exe
-batchmode
-quit
-projectPath
C:\Users\mell1\proyects\TA_DesarrolloVideojuegos\My project
-logFile
C:\Users\mell1\proyects\TA_DesarrolloVideojuegos\unity-p0-health-verify.log
Successfully changed project path to: C:\Users\mell1\proyects\TA_DesarrolloVideojuegos\My project
C:/Users/mell1/proyects/TA_DesarrolloVideojuegos/My project
[UnityMemory] Configuration Parameters - Can be set up in boot.config
    "memorysetup-temp-allocator-size-gi-baking-worker=262144"
    "memorysetup-temp-allocator-size-gi-baking-worker=262144"
    "memorysetup-temp-allocator-size-gi-baking-worker=262144"
    "memorysetup-temp-allocator-size-gi-baking-worker=262144"
    "memorysetup-temp-allocator-size-gi-baking-worker=262144"
    "memorysetup-temp-allocator-size-nav-mesh-worker=65536"
    "memorysetup-temp-allocator-size-audio-worker=65536"
    "memorysetup-temp-allocator-size-cloud-worker=32768"
    "memorysetup-temp-allocator-size-gfx=262144"
    "memorysetup-temp-allocator-size-preload-manager=33554432"
    "memorysetup-temp-allocator-size-job-worker=262144"
    "memorysetup-temp-allocator-size-background-worker=32768"
    "memorysetup-allocator-temp-initial-block-size-main=262144"
    "memorysetup-allocator-temp-initial-block-size-worker=262144"
    "memorysetup-bucket-allocator-granularity=16"
    "memorysetup-bucket-allocator-bucket-count=8"
    "memorysetup-bucket-allocator-block-size=33554432"
    "memorysetup-bucket-allocator-block-count=8"
    "memorysetup-main-allocator-block-size=16777216"
    "memorysetup-thread-allocator-block-size=16777216"
    "memorysetup-gfx-main-allocator-block-size=16777216"
    "memorysetup-gfx-thread-allocator-block-size=16777216"
    "memorysetup-cache-allocator-block-size=4194304"
    "memorysetup-typetree-allocator-block-size=2097152"
    "memorysetup-profiler-bucket-allocator-granularity=16"
    "memorysetup-profiler-bucket-allocator-bucket-count=8"
    "memorysetup-profiler-bucket-allocator-block-size=33554432"
    "memorysetup-profiler-bucket-allocator-block-count=8"
    "memorysetup-profiler-allocator-block-size=16777216"
    "memorysetup-profiler-editor-allocator-block-size=1048576"
    "memorysetup-temp-allocator-size-main=16777216"
    "memorysetup-job-temp-allocator-block-size=2097152"
    "memorysetup-job-temp-allocator-block-size-background=1048576"
    "memorysetup-job-temp-allocator-reduction-small-platforms=262144"
Player connection [30392]  Target information:

Player connection [30392]  * "[IP] 192.168.18.236 [Port] 55504 [Flags] 2 [Guid] 3385719530 [EditorId] 3385719530 [Version] 1048832 [Id] WindowsEditor(7,Lyra-Saphira) [Debug] 1 [PackageName] WindowsEditor [ProjectName] Editor" 

Player connection [30392] Host joined multi-casting on [225.0.0.222:54997]...
Player connection [30392] Host joined alternative multi-casting on [225.0.0.222:34997]...
Input System module state changed to: Initialized.
[Physics::Module] Initialized fallback backend.
[Physics::Module] Id: 0xdecafbad
[Package Manager] Connected to IPC stream "Upm-31316" after 0.2 seconds.
[Licensing::Module] Licensing is not yet initialized.
[Licensing::Client] Error: HandshakeResponse reported an error:
	ResponseCode: 505
	ResponseStatus: Unsupported protocol version '1.18.1'.
[Licensing::Module] Error: Failed to handshake to channel: "LicenseClient-mell1"
[Licensing::IpcConnector] LicenseClient-mell1 channel disconnected successfully.
[Licensing::IpcConnector] Channel LicenseClient-mell1-6000.4.1 doesn't exist
[Licensing::Module] Successfully launched the LicensingClient (PId: 16828)
[Licensing::IpcConnector] Successfully connected to: "LicenseClient-mell1-6000.4.1" at "2026-07-12T18:20:46.9089379Z"
[Licensing::Client] Handshaking with LicensingClient:
  Version:                 1.18.1+9fbee8e
  Session Id:              5847036f700a4d4bbd095cf30648c8ba
  Correlation Id:          01e6f1fefae767e1f894006b664b1b02
  External correlation Id: 7593544235737570108
  Machine Id:              gYoAOddHbxQwQi2F/D2+gsK1Foo=
[Licensing::Module] Successfully connected to LicensingClient on channel: "LicenseClient-mell1-6000.4.1" (connect: 0.25s, validation: 0.04s, handshake: 1.34s)
[Licensing::IpcConnector] Successfully connected to: "LicenseClient-mell1-6000.4.1-notifications" at "2026-07-12T18:20:48.29451Z"
[Licensing::Module] Connected to LicensingClient (PId: 16828, launch time: 0.00, total connection time: 1.63s)
[Licensing::Module] Error: Access token is unavailable; failed to update
[Licensing::Client] Successfully resolved entitlement details
[Licensing::Module] License group:
  Id: 4674179144018-UnityPersXXXX
  Product: Unity Personal
  Type: Assigned
  Expiration: Unlimited
[Licensing::Client] Successfully updated license, isAsync: True, time: 0.01
[Licensing::Client] Successfully resolved entitlement details
[Licensing::Module] Licensing Background thread has ended after 3.03s
[Licensing::Module] Licensing is initialized (took 2.52s).
[Licensing::Client] Successfully resolved entitlement details
Library Redirect Path: Library/
[Physics::Module] Selected backend.
[Physics::Module] Name: PhysX
[Physics::Module] Id: 0xf2b8ea05
[Physics::Module] SDK Version: 4.1.2
[Physics::Module] Integration Version: 1.0.0
[Physics::Module] Threading Mode: Multi-Threaded
Initialize engine version: 6000.4.1f1 (336a400b9ea2)
[Subsystems] Discovering subsystems at path C:/Program Files/Unity/Hub/Editor/6000.4.1f1/Editor/Data/Resources/UnitySubsystems
[Subsystems] Discovering subsystems at path C:/Users/mell1/proyects/TA_DesarrolloVideojuegos/My project/Assets
GfxDevice: creating device client; kGfxThreadingModeNonThreaded
Direct3D:
    Version:  Direct3D 11.0 [level 11.1]
    Renderer: NVIDIA GeForce RTX 5060 Laptop GPU (ID=0x2d19)
    Vendor:   NVIDIA
    VRAM:     7810 MB
    Driver:   32.0.15.7705
Initialize mono
Mono path[0] = 'C:/Program Files/Unity/Hub/Editor/6000.4.1f1/Editor/Data/Managed'
Mono path[1] = 'C:/Program Files/Unity/Hub/Editor/6000.4.1f1/Editor/Data/MonoBleedingEdge/lib/mono/unityjit-win32'
Mono config path = 'C:/Program Files/Unity/Hub/Editor/6000.4.1f1/Editor/Data/MonoBleedingEdge/etc'
Using monoOptions --debugger-agent=transport=dt_socket,embedding=1,server=y,suspend=n,address=127.0.0.1:56316
CodeReloadManager initialized
Using cacheserver namespaces - metadata:defaultmetadata, artifacts:defaultartifacts
Using cacheserver namespaces - metadata:defaultmetadata, artifacts:defaultartifacts
ImportWorker Server TCP listen port: 0
AcceleratorClientConnectionCallback - disconnected - :0
Begin MonoManager ReloadAssembly
Registering precompiled unity dll's ...
Register platform support module: C:/Program Files/Unity/Hub/Editor/6000.4.1f1/Editor/Data/PlaybackEngines/WindowsStandaloneSupport/UnityEditor.WindowsStandalone.Extensions.dll
Registered in 0.001501 seconds.
Native extension for WindowsStandalone target not found
Package Manager log level set to [2]
ScheduleIndexationOnStartup MainProcess:False IndexOnStartup:True
Mono: successfully reloaded assembly
- Finished resetting the current domain, in  0.283 seconds
Domain Reload Profiling: 642ms
	BeginReloadAssembly (126ms)
		CreateAndSetChildDomain (27ms)
	RebuildCommonClasses (29ms)
	RebuildNativeTypeToScriptingClass (8ms)
	initialDomainReloadingComplete (47ms)
	LoadAllAssembliesAndSetupDomain (146ms)
		LoadAssemblies (97ms)
		AnalyzeDomain (139ms)
			TypeCache.Refresh (138ms)
				TypeCache.ScanAssembly (125ms)
	FinalizeReload (284ms)
		SetupLoadedEditorAssemblies (0ms)
			InitializePlatformSupportModulesInManaged (28ms)
			BeforeProcessingInitializeOnLoad (60ms)
			ProcessInitializeOnLoadAttributes (79ms)
			ProcessInitializeOnLoadMethodAttributes (70ms)
[Licensing::Client] Successfully resolved entitlement details
Application.AssetDatabase Initial Refresh Start
[Package Manager] Restoring resolved packages state from cache
[Licensing::Client] Successfully resolved entitlement details
[Package Manager] Registered 65 packages:
  Packages from [https://packages.unity.com]:
    com.unity.2d.animation@14.0.3 (location: C:\Users\mell1\proyects\TA_DesarrolloVideojuegos\My project\Library\PackageCache\com.unity.2d.animation@a6f2f1d22eb5)
    com.unity.2d.aseprite@4.0.1 (location: C:\Users\mell1\proyects\TA_DesarrolloVideojuegos\My project\Library\PackageCache\com.unity.2d.aseprite@151b68d46c40)
    com.unity.2d.psdimporter@13.0.2 (location: C:\Users\mell1\proyects\TA_DesarrolloVideojuegos\My project\Library\PackageCache\com.unity.2d.psdimporter@11a0e04e0561)
    com.unity.2d.spriteshape@14.0.1 (location: C:\Users\mell1\proyects\TA_DesarrolloVideojuegos\My project\Library\PackageCache\com.unity.2d.spriteshape@da3647ffbbd7)
    com.unity.2d.tilemap.extras@7.0.1 (location: C:\Users\mell1\proyects\TA_DesarrolloVideojuegos\My project\Library\PackageCache\com.unity.2d.tilemap.extras@66df903b3633)
    com.unity.2d.tooling@2.0.1 (location: C:\Users\mell1\proyects\TA_DesarrolloVideojuegos\My project\Library\PackageCache\com.unity.2d.tooling@baa4133dcff2)
    com.unity.collab-proxy@2.11.4 (location: C:\Users\mell1\proyects\TA_DesarrolloVideojuegos\My project\Library\PackageCache\com.unity.collab-proxy@a5329f833fa8)
    com.unity.ide.rider@3.0.39 (location: C:\Users\mell1\proyects\TA_DesarrolloVideojuegos\My project\Library\PackageCache\com.unity.ide.rider@4504839d03f7)
    com.unity.ide.visualstudio@2.0.27 (location: C:\Users\mell1\proyects\TA_DesarrolloVideojuegos\My project\Library\PackageCache\com.unity.ide.visualstudio@dc1ddd4f09b6)
    com.unity.inputsystem@1.19.0 (location: C:\Users\mell1\proyects\TA_DesarrolloVideojuegos\My project\Library\PackageCache\com.unity.inputsystem@21a28c3a6c83)
    com.unity.timeline@1.8.11 (location: C:\Users\mell1\proyects\TA_DesarrolloVideojuegos\My project\Library\PackageCache\com.unity.timeline@bfd27f8016ff)
    com.unity.visualscripting@1.9.11 (location: C:\Users\mell1\proyects\TA_DesarrolloVideojuegos\My project\Library\PackageCache\com.unity.visualscripting@8bed5ad90189)
    com.unity.2d.common@13.0.1 (location: C:\Users\mell1\proyects\TA_DesarrolloVideojuegos\My project\Library\PackageCache\com.unity.2d.common@49d8bea2bff3)
    com.unity.mathematics@1.3.3 (location: C:\Users\mell1\proyects\TA_DesarrolloVideojuegos\My project\Library\PackageCache\com.unity.mathematics@19a9377c4ffa)
    com.unity.searcher@4.9.4 (location: C:\Users\mell1\proyects\TA_DesarrolloVideojuegos\My project\Library\PackageCache\com.unity.searcher@d45a78918735)
    com.unity.burst@1.8.28 (location: C:\Users\mell1\proyects\TA_DesarrolloVideojuegos\My project\Library\PackageCache\com.unity.burst@07790c2d06d9)
    com.unity.nuget.mono-cecil@1.11.6 (location: C:\Users\mell1\proyects\TA_DesarrolloVideojuegos\My project\Library\PackageCache\com.unity.nuget.mono-cecil@ecb9724e46ff)
    com.unity.test-framework.performance@3.3.0 (location: C:\Users\mell1\proyects\TA_DesarrolloVideojuegos\My project\Library\PackageCache\com.unity.test-framework.performance@a902ab7fb342)
  Built-in packages:
    com.unity.2d.sprite@1.0.0 (location: C:\Users\mell1\proyects\TA_DesarrolloVideojuegos\My project\Library\PackageCache\com.unity.2d.sprite@929df5adbb1f)
    com.unity.2d.tilemap@1.0.0 (location: C:\Users\mell1\proyects\TA_DesarrolloVideojuegos\My project\Library\PackageCache\com.unity.2d.tilemap@c457c5249013)
    com.unity.multiplayer.center@1.0.1 (location: C:\Users\mell1\proyects\TA_DesarrolloVideojuegos\My project\Library\PackageCache\com.unity.multiplayer.center@f01f4ba8d00a)
    com.unity.render-pipelines.universal@17.4.0 (location: C:\Users\mell1\proyects\TA_DesarrolloVideojuegos\My project\Library\PackageCache\com.unity.render-pipelines.universal@b6c3ec8118ec)
    com.unity.test-framework@1.6.0 (location: C:\Users\mell1\proyects\TA_DesarrolloVideojuegos\My project\Library\PackageCache\com.unity.test-framework@76560ee600cb)
    com.unity.ugui@2.0.0 (location: C:\Users\mell1\proyects\TA_DesarrolloVideojuegos\My project\Library\PackageCache\com.unity.ugui@d8a2716f3013)
    com.unity.modules.accessibility@1.0.0 (location: C:\Users\mell1\proyects\TA_DesarrolloVideojuegos\My project\Library\PackageCache\com.unity.modules.accessibility)
    com.unity.modules.adaptiveperformance@1.0.0 (location: C:\Users\mell1\proyects\TA_DesarrolloVideojuegos\My project\Library\PackageCache\com.unity.modules.adaptiveperformance)
    com.unity.modules.ai@1.0.0 (location: C:\Users\mell1\proyects\TA_DesarrolloVideojuegos\My project\Library\PackageCache\com.unity.modules.ai)
    com.unity.modules.androidjni@1.0.0 (location: C:\Users\mell1\proyects\TA_DesarrolloVideojuegos\My project\Library\PackageCache\com.unity.modules.androidjni)
    com.unity.modules.animation@1.0.0 (location: C:\Users\mell1\proyects\TA_DesarrolloVideojuegos\My project\Library\PackageCache\com.unity.modules.animation)
    com.unity.modules.assetbundle@1.0.0 (location: C:\Users\mell1\proyects\TA_DesarrolloVideojuegos\My project\Library\PackageCache\com.unity.modules.assetbundle)
    com.unity.modules.audio@1.0.0 (location: C:\Users\mell1\proyects\TA_DesarrolloVideojuegos\My project\Library\PackageCache\com.unity.modules.audio)
    com.unity.modules.cloth@1.0.0 (location: C:\Users\mell1\proyects\TA_DesarrolloVideojuegos\My project\Library\PackageCache\com.unity.modules.cloth)
    com.unity.modules.director@1.0.0 (location: C:\Users\mell1\proyects\TA_DesarrolloVideojuegos\My project\Library\PackageCache\com.unity.modules.director)
    com.unity.modules.imageconversion@1.0.0 (location: C:\Users\mell1\proyects\TA_DesarrolloVideojuegos\My project\Library\PackageCache\com.unity.modules.imageconversion)
    com.unity.modules.imgui@1.0.0 (location: C:\Users\mell1\proyects\TA_DesarrolloVideojuegos\My project\Library\PackageCache\com.unity.modules.imgui)
    com.unity.modules.jsonserialize@1.0.0 (location: C:\Users\mell1\proyects\TA_DesarrolloVideojuegos\My project\Library\PackageCache\com.unity.modules.jsonserialize)
    com.unity.modules.particlesystem@1.0.0 (location: C:\Users\mell1\proyects\TA_DesarrolloVideojuegos\My project\Library\PackageCache\com.unity.modules.particlesystem)
    com.unity.modules.physics@1.0.0 (location: C:\Users\mell1\proyects\TA_DesarrolloVideojuegos\My project\Library\PackageCache\com.unity.modules.physics)
    com.unity.modules.physics2d@1.0.0 (location: C:\Users\mell1\proyects\TA_DesarrolloVideojuegos\My project\Library\PackageCache\com.unity.modules.physics2d)
    com.unity.modules.screencapture@1.0.0 (location: C:\Users\mell1\proyects\TA_DesarrolloVideojuegos\My project\Library\PackageCache\com.unity.modules.screencapture)
    com.unity.modules.terrain@1.0.0 (location: C:\Users\mell1\proyects\TA_DesarrolloVideojuegos\My project\Library\PackageCache\com.unity.modules.terrain)
    com.unity.modules.terrainphysics@1.0.0 (location: C:\Users\mell1\proyects\TA_DesarrolloVideojuegos\My project\Library\PackageCache\com.unity.modules.terrainphysics)
    com.unity.modules.tilemap@1.0.0 (location: C:\Users\mell1\proyects\TA_DesarrolloVideojuegos\My project\Library\PackageCache\com.unity.modules.tilemap)
    com.unity.modules.ui@1.0.0 (location: C:\Users\mell1\proyects\TA_DesarrolloVideojuegos\My project\Library\PackageCache\com.unity.modules.ui)
    com.unity.modules.uielements@1.0.0 (location: C:\Users\mell1\proyects\TA_DesarrolloVideojuegos\My project\Library\PackageCache\com.unity.modules.uielements)
    com.unity.modules.umbra@1.0.0 (location: C:\Users\mell1\proyects\TA_DesarrolloVideojuegos\My project\Library\PackageCache\com.unity.modules.umbra)
    com.unity.modules.unityanalytics@1.0.0 (location: C:\Users\mell1\proyects\TA_DesarrolloVideojuegos\My project\Library\PackageCache\com.unity.modules.unityanalytics)
    com.unity.modules.unitywebrequest@1.0.0 (location: C:\Users\mell1\proyects\TA_DesarrolloVideojuegos\My project\Library\PackageCache\com.unity.modules.unitywebrequest)
    com.unity.modules.unitywebrequestassetbundle@1.0.0 (location: C:\Users\mell1\proyects\TA_DesarrolloVideojuegos\My project\Library\PackageCache\com.unity.modules.unitywebrequestassetbundle)
    com.unity.modules.unitywebrequestaudio@1.0.0 (location: C:\Users\mell1\proyects\TA_DesarrolloVideojuegos\My project\Library\PackageCache\com.unity.modules.unitywebrequestaudio)
    com.unity.modules.unitywebrequesttexture@1.0.0 (location: C:\Users\mell1\proyects\TA_DesarrolloVideojuegos\My project\Library\PackageCache\com.unity.modules.unitywebrequesttexture)
    com.unity.modules.unitywebrequestwww@1.0.0 (location: C:\Users\mell1\proyects\TA_DesarrolloVideojuegos\My project\Library\PackageCache\com.unity.modules.unitywebrequestwww)
    com.unity.modules.vectorgraphics@1.0.0 (location: C:\Users\mell1\proyects\TA_DesarrolloVideojuegos\My project\Library\PackageCache\com.unity.modules.vectorgraphics)
    com.unity.modules.vehicles@1.0.0 (location: C:\Users\mell1\proyects\TA_DesarrolloVideojuegos\My project\Library\PackageCache\com.unity.modules.vehicles)
    com.unity.modules.video@1.0.0 (location: C:\Users\mell1\proyects\TA_DesarrolloVideojuegos\My project\Library\PackageCache\com.unity.modules.video)
    com.unity.modules.vr@1.0.0 (location: C:\Users\mell1\proyects\TA_DesarrolloVideojuegos\My project\Library\PackageCache\com.unity.modules.vr)
    com.unity.modules.wind@1.0.0 (location: C:\Users\mell1\proyects\TA_DesarrolloVideojuegos\My project\Library\PackageCache\com.unity.modules.wind)
    com.unity.modules.xr@1.0.0 (location: C:\Users\mell1\proyects\TA_DesarrolloVideojuegos\My project\Library\PackageCache\com.unity.modules.xr)
    com.unity.modules.subsystems@1.0.0 (location: C:\Users\mell1\proyects\TA_DesarrolloVideojuegos\My project\Library\PackageCache\com.unity.modules.subsystems)
    com.unity.modules.hierarchycore@1.0.0 (location: C:\Users\mell1\proyects\TA_DesarrolloVideojuegos\My project\Library\PackageCache\com.unity.modules.hierarchycore)
    com.unity.ext.nunit@2.0.5 (location: C:\Users\mell1\proyects\TA_DesarrolloVideojuegos\My project\Library\PackageCache\com.unity.ext.nunit@d8c07649098d)
    com.unity.render-pipelines.core@17.4.0 (location: C:\Users\mell1\proyects\TA_DesarrolloVideojuegos\My project\Library\PackageCache\com.unity.render-pipelines.core@c047d1619bbd)
    com.unity.shadergraph@17.4.0 (location: C:\Users\mell1\proyects\TA_DesarrolloVideojuegos\My project\Library\PackageCache\com.unity.shadergraph@6d2ff5988597)
    com.unity.render-pipelines.universal-config@17.4.0 (location: C:\Users\mell1\proyects\TA_DesarrolloVideojuegos\My project\Library\PackageCache\com.unity.render-pipelines.universal-config@0db4263b9e6b)
    com.unity.collections@6.4.0 (location: C:\Users\mell1\proyects\TA_DesarrolloVideojuegos\My project\Library\PackageCache\com.unity.collections@538ace9075bc)
[Subsystems] No new subsystems found in resolved package list.
[Package Manager] Done registering packages in 0.02 seconds
[ScriptCompilation] Requested script compilation because: AssetDatabase observed changes in script compilation related files
Starting: C:\Program Files\Unity\Hub\Editor\6000.4.1f1\Editor\Data\Tools\BuildPipeline\bee_backend.exe --ipc --defer-dag-verification --dagfile="Library/Bee/1900b0aE.dag" --continue-on-failure --profile="Library/Bee/backend1.traceevents" ScriptAssemblies
WorkingDir: C:/Users/mell1/proyects/TA_DesarrolloVideojuegos/My project
DisplayProgressbar: Compiling Scripts
ExitCode: 0 Duration: 1s948ms
[ 846/1091  0s] ILPP-Configuration Library/ilpp-configuration.nevergeneratedoutput
[1087/1091  1s] Csc Library/Bee/artifacts/1900b0aE.dag/Assembly-CSharp.dll (+2 others)
[1088/1091  0s] ILPostProcess Library/Bee/artifacts/1900b0aE.dag/post-processed/Assembly-CSharp.dll (+pdb)
Processing assembly Library/Bee/artifacts/1900b0aE.dag/Assembly-CSharp.dll, with 140 defines and 336 references

processors: Unity.Jobs.CodeGen.JobsILPostProcessor, zzzUnity.Burst.CodeGen.BurstILPostProcessor

running Unity.Jobs.CodeGen.JobsILPostProcessor

running zzzUnity.Burst.CodeGen.BurstILPostProcessor
[1089/1091  0s] CopyFiles Library/ScriptAssemblies/Assembly-CSharp.pdb
[1090/1091  0s] CopyFiles Library/ScriptAssemblies/Assembly-CSharp.dll
*** Tundra build success (1.91 seconds), 5 items updated, 1091 evaluated
AssetDatabase: script compilation time: 2.293227s
Begin MonoManager ReloadAssembly
Assembly Assembly-CSharp-Editor-firstpass.dll at Library/ScriptAssemblies/Assembly-CSharp-Editor-firstpass.dll not valid. Loading of assembly skipped.
Assembly Assembly-CSharp-Editor.dll at Library/ScriptAssemblies/Assembly-CSharp-Editor.dll not valid. Loading of assembly skipped.
Assembly Assembly-CSharp-firstpass.dll at Library/ScriptAssemblies/Assembly-CSharp-firstpass.dll not valid. Loading of assembly skipped.
Assembly DocCodeExamples.dll at Library/ScriptAssemblies/DocCodeExamples.dll not valid. Loading of assembly skipped.
Assembly TestNewCustomAssembly.dll at Library/ScriptAssemblies/TestNewCustomAssembly.dll not valid. Loading of assembly skipped.
Assembly Unity.2D.Animation.EditorTests.dll at Library/ScriptAssemblies/Unity.2D.Animation.EditorTests.dll not valid. Loading of assembly skipped.
Assembly Unity.2D.Aseprite.EditorTests.dll at Library/ScriptAssemblies/Unity.2D.Aseprite.EditorTests.dll not valid. Loading of assembly skipped.
Assembly Unity.2D.Common.EditorTests.dll at Library/ScriptAssemblies/Unity.2D.Common.EditorTests.dll not valid. Loading of assembly skipped.
Assembly Unity.2D.Psdimporter.EditorTests.dll at Library/ScriptAssemblies/Unity.2D.Psdimporter.EditorTests.dll not valid. Loading of assembly skipped.
Assembly Unity.2D.Sprite.Package.EditorTests.dll at Library/ScriptAssemblies/Unity.2D.Sprite.Package.EditorTests.dll not valid. Loading of assembly skipped.
Assembly Unity.2D.SpriteShape.EditorTests.dll at Library/ScriptAssemblies/Unity.2D.SpriteShape.EditorTests.dll not valid. Loading of assembly skipped.
Assembly Unity.2D.Tilemap.Package.EditorTests.dll at Library/ScriptAssemblies/Unity.2D.Tilemap.Package.EditorTests.dll not valid. Loading of assembly skipped.
Assembly Unity.Collections.BurstCompatibilityGen.dll at Library/ScriptAssemblies/Unity.Collections.BurstCompatibilityGen.dll not valid. Loading of assembly skipped.
Assembly Unity.Collections.DocCodeSamples.dll at Library/ScriptAssemblies/Unity.Collections.DocCodeSamples.dll not valid. Loading of assembly skipped.
Assembly Unity.Collections.PerformanceTests.dll at Library/ScriptAssemblies/Unity.Collections.PerformanceTests.dll not valid. Loading of assembly skipped.
Assembly Unity.Collections.Tests.dll at Library/ScriptAssemblies/Unity.Collections.Tests.dll not valid. Loading of assembly skipped.
Assembly Unity.Collections.Tests.Playmode.dll at Library/ScriptAssemblies/Unity.Collections.Tests.Playmode.dll not valid. Loading of assembly skipped.
Assembly Unity.InputSystem.IntegrationTests.dll at Library/ScriptAssemblies/Unity.InputSystem.IntegrationTests.dll not valid. Loading of assembly skipped.
Assembly Unity.Mathematics.Tests.dll at Library/ScriptAssemblies/Unity.Mathematics.Tests.dll not valid. Loading of assembly skipped.
Assembly Unity.Multiplayer.Center.Editor.Tests.dll at Library/ScriptAssemblies/Unity.Multiplayer.Center.Editor.Tests.dll not valid. Loading of assembly skipped.
Assembly Unity.Multiplayer.Center.Tests.dll at Library/ScriptAssemblies/Unity.Multiplayer.Center.Tests.dll not valid. Loading of assembly skipped.
Assembly Unity.Nuget.Mono-Cecil.dll at Library/ScriptAssemblies/Unity.Nuget.Mono-Cecil.dll not valid. Loading of assembly skipped.
Assembly Unity.PathTracing.Editor.Tests.dll at Library/ScriptAssemblies/Unity.PathTracing.Editor.Tests.dll not valid. Loading of assembly skipped.
Assembly Unity.PathTracing.Runtime.Tests.dll at Library/ScriptAssemblies/Unity.PathTracing.Runtime.Tests.dll not valid. Loading of assembly skipped.
Assembly Unity.RenderPipelines.Core.Editor.Tests.dll at Library/ScriptAssemblies/Unity.RenderPipelines.Core.Editor.Tests.dll not valid. Loading of assembly skipped.
Assembly Unity.RenderPipelines.Core.Runtime.Tests.dll at Library/ScriptAssemblies/Unity.RenderPipelines.Core.Runtime.Tests.dll not valid. Loading of assembly skipped.
Assembly Unity.RenderPipelines.Universal.Config.Editor.Tests.dll at Library/ScriptAssemblies/Unity.RenderPipelines.Universal.Config.Editor.Tests.dll not valid. Loading of assembly skipped.
Assembly Unity.RenderPipelines.Universal.Editor.Tests.dll at Library/ScriptAssemblies/Unity.RenderPipelines.Universal.Editor.Tests.dll not valid. Loading of assembly skipped.
Assembly Unity.RenderPipelines.Universal.Runtime.Tests.dll at Library/ScriptAssemblies/Unity.RenderPipelines.Universal.Runtime.Tests.dll not valid. Loading of assembly skipped.
Assembly Unity.Searcher.EditorTests.dll at Library/ScriptAssemblies/Unity.Searcher.EditorTests.dll not valid. Loading of assembly skipped.
Assembly Unity.ShaderGraph.Editor.Tests.dll at Library/ScriptAssemblies/Unity.ShaderGraph.Editor.Tests.dll not valid. Loading of assembly skipped.
Assembly Unity.TextMeshPro.Editor.Tests.dll at Library/ScriptAssemblies/Unity.TextMeshPro.Editor.Tests.dll not valid. Loading of assembly skipped.
Assembly Unity.TextMeshPro.Tests.dll at Library/ScriptAssemblies/Unity.TextMeshPro.Tests.dll not valid. Loading of assembly skipped.
Assembly Unity.UnifiedRayTracing.Editor.Tests.dll at Library/ScriptAssemblies/Unity.UnifiedRayTracing.Editor.Tests.dll not valid. Loading of assembly skipped.
Assembly UnityEditor.UI.Common.Tests.dll at Library/ScriptAssemblies/UnityEditor.UI.Common.Tests.dll not valid. Loading of assembly skipped.
Assembly UnityEditor.UI.EditorTests.dll at Library/ScriptAssemblies/UnityEditor.UI.EditorTests.dll not valid. Loading of assembly skipped.
Assembly UnityEngine.UI.Tests.dll at Library/ScriptAssemblies/UnityEngine.UI.Tests.dll not valid. Loading of assembly skipped.
Native extension for WindowsStandalone target not found
ScheduleIndexationOnStartup MainProcess:True IndexOnStartup:True
Mono: successfully reloaded assembly
- Finished resetting the current domain, in  2.541 seconds
Domain Reload Profiling: 3343ms
	BeginReloadAssembly (283ms)
		DisableScriptedObjects (7ms)
		CreateAndSetChildDomain (163ms)
	RebuildCommonClasses (28ms)
	RebuildNativeTypeToScriptingClass (8ms)
	initialDomainReloadingComplete (49ms)
	LoadAllAssembliesAndSetupDomain (434ms)
		LoadAssemblies (294ms)
		AnalyzeDomain (220ms)
			TypeCache.Refresh (157ms)
				TypeCache.ScanAssembly (144ms)
			BuildScriptInfoCaches (54ms)
			ResolveRequiredComponents (8ms)
	FinalizeReload (2541ms)
		SetupLoadedEditorAssemblies (0ms)
			InitializePlatformSupportModulesInManaged (16ms)
			BeforeProcessingInitializeOnLoad (130ms)
			ProcessInitializeOnLoadAttributes (2115ms)
			ProcessInitializeOnLoadMethodAttributes (119ms)
			AfterProcessingInitializeOnLoad (7ms)
		AwakeInstancesAfterBackupRestoration (7ms)
Start importing Assets/Controllers/MetroidvaniaController/Prefabs/DrawCharacter.prefab using Guid(50936cccdb69523458c1b42052ebafff) (PrefabImporter) -> (Import Result ID: 'd0fec28c00a62566500691be6ef1adc1') in 0.022374 seconds [static and dynamic dependencies]. Details - ImportResultOutputID=5fe843e6cd2001009532e69e3b55b616 DependenciesID=84d7826331239aaf2b062d71396bc1a4 StaticDependenciesID=d72133d77f11f47a648732457494cc3a 
(Values over 0.050ms)
Asset Pipeline Refresh (id=84d41a2d5bf09574d9d477733c6427bb): Total: 6.415 seconds - Initiated by InitialRefreshV2(ForceSynchronousImport)
	Summary:
		Imports: total=0 (actual=0, local cache=0, cache server=0)
		Asset DB Process Time: managed=3 ms, native=3042 ms
		Asset DB Callback time: managed=198 ms, native=23 ms
		Scripting: domain reloads=1, domain reload time=807 ms, compile time=2295 ms, other=45 ms
		Project Asset Count: scripts=1562, non-scripts=3539
		Asset File Changes: new=0, changed=2, moved=0, deleted=0
		Scan Filter Count: 0
	InvokePackagesCallback: 20.715ms
	ApplyChangesToAssetFolders: 0.658ms
	Scan: 182.937ms
	OnSourceAssetsModified: 0.830ms
	CategorizeScriptCompilationAssets: 34.898ms
	ProcessAssetsWithTransientArtifactChanges: 69.961ms
	CategorizeAssets: 57.958ms
	CompileScripts: 2294.668ms
	ImportOutOfDateAssets: 2575.640ms (2548.970ms without children)
		ImportManagerImport: 24.306ms (1.604ms without children)
		ReloadNativeAssets: 0.055ms
		UnloadImportedAssets: 0.884ms
		EnsureUptoDateAssetsAreRegisteredWithGuidPM: 0.898ms
		OnDemandSchedulerStart: 0.515ms
	PostProcessAllAssets: 199.546ms
		VCAutoAddAssetPostprocess 0.907ms
		XRBuildSystem.XRAssetImported 0.384ms
		MonoPostProcessAllAssets: 197.739ms
			AssetPostprocessor.OnPostprocessAllAssets 129.195ms
			SyncVS.PostprocessSyncProject 14.094ms
			StyleCatalogPostProcessor.OnPostprocessAllAssets 13.678ms
			UniversalRenderPipelineGlobalSettingsPostprocessor.OnPostprocessAllAssets 7.824ms
			BuilderAssetPostprocessor.OnPostprocessAllAssets 4.949ms
			MaterialPostprocessor.OnPostprocessAllAssets 2.132ms
			SpeedTree9Postprocessor.OnPostprocessAllAssets 1.511ms
			WindowAssetPostprocessingWatcher.OnPostprocessAllAssets 1.361ms
			AssetChangedListener.OnPostprocessAllAssets 1.106ms
			ShaderGraphAssetPostProcessor.OnPostprocessAllAssets 1.104ms
			SpriteEditorTexturePostprocessor.OnPostprocessAllAssets 1.067ms
			RetainedModeAssetPostprocessor.OnPostprocessAllAssets 0.895ms
			AssetProcessor.OnPostprocessAllAssets 0.672ms
			RenderPipelineGlobalSettingsPostprocessor.OnPostprocessAllAssets 0.559ms
			SpriteLibraryAssetPostprocessor.OnPostprocessAllAssets 0.530ms
			ProjectSettingsPostprocessor.OnPostprocessAllAssets 0.471ms
			InputActionJsonNameModifierAssetProcessor.OnPostprocessAllAssets 0.459ms
			ArtifactBrowserPostProcessor.OnPostprocessAllAssets 0.424ms
			TextAssetPostProcessor.OnPostprocessAllAssets 0.323ms
			TMPro_TexturePostProcessor.OnPostprocessAllAssets 0.319ms
			InputActionAssetPostprocessor.OnPostprocessAllAssets 0.298ms
			ReferencedClipsPostProcessor.OnPostprocessAllAssets 0.277ms
			PSDImportPostProcessor.OnPostprocessAllAssets 0.274ms
			SpriteShapeAssetPostProcessor.OnPostprocessAllAssets 0.262ms
			PostProcessor.OnPostprocessAllAssets 0.257ms
			UVCSAssetPostprocessor.OnPostprocessAllAssets 0.252ms
			TerrainToolbarOverlayPostProcessor.OnPostprocessAllAssets 0.234ms
			PSDImporterAssetPostProcessor.OnPostprocessAllAssets 0.219ms
			SamplePostprocessor.OnPostprocessAllAssets 0.211ms
			AudioMixerPostprocessor.OnPostprocessAllAssets 0.197ms
			AssetEvents.OnPostprocessAllAssets 0.194ms
			SpeedTreePostProcessor.OnPostprocessAllAssets 0.158ms
			AssetDatabaseCallbacks.OnPostprocessAllAssets 0.112ms
			ConfigAssetsTracker.OnPostprocessAllAssets 0.093ms
			ScenarioDriftAssetsTracker.OnPostprocessAllAssets 0.075ms
			AudioContainerPostProcessor.OnPostprocessAllAssets 0.050ms
	PostAssetChangesProfiler: 2.578ms
	UnloadStreamsBegin: 2.375ms
	PersistCurrentRevisions: 0.170ms
	GenerateScriptTypeHashes: 4.183ms
	GenerateScriptTypeSerializationHashes: 9.295ms
	Untracked: 969.108ms

Application.AssetDatabase Initial Refresh End
Launched and connected shader compiler UnityShaderCompiler.exe after 0.01 seconds
Scanning for USB devices : 7.711ms
Initializing Unity extensions:
[MODES] ModeService[none].Initialize
[MODES] ModeService[none].LoadModes
[MODES] Loading mode Default (0) for mode-current-id-My project
Unloading 27 Unused Serialized files (Serialized files now loaded: 0)
Unloading 7083 unused Assets / (5.5 MB). Loaded Objects now: 7944.
Memory consumption went from 221.8 MB to 216.2 MB.
Total: 9.243200 ms (FindLiveObjects: 0.824200 ms CreateObjectMapping: 0.687800 ms MarkObjects: 5.211300 ms  DeleteObjects: 2.514400 ms)

Batchmode quit successfully invoked - shutting down!
Curl error 42: Callback aborted
[Physics::Module] Cleanup current backend.
[Physics::Module] Id: 0xf2b8ea05
Input System module state changed to: ShutdownInProgress.
Input Polling Thread exited.
Input System module state changed to: Shutdown.
[Licensing::IpcConnector] LicenseClient-mell1-6000.4.1-notifications channel disconnected successfully.
[Licensing::IpcConnector] LicenseClient-mell1-6000.4.1 channel disconnected successfully.
AcceleratorClientConnectionCallback - disconnected - :0
Cleanup mono
CodeReloadManager destroyed
Exiting batchmode successfully now!
Exiting without the bug reporter. Application will terminate with return code 0